<?xml version="1.0" encoding="UTF-8"?>
<!-- Generated by org.testng.reporters.JUnitXMLReporter -->
<testsuite hostname="DESKTOP-MRVJBNT" failures="9" tests="35" name="Test" time="32.966" errors="0" timestamp="23 Jun 2025 09:17:05 GMT">
  <testcase classname="com.menumitratCommonAPITestScript.StaffUpdateTestScript" name="@BeforeClass setup" time="0.0">
    <failure type="com.menumitra.utilityclass.customException" message="Error during setup: Cannot invoke &amp;quot;String.isEmpty()&amp;quot; because &amp;quot;this.accessToken&amp;quot; is null">
      <![CDATA[com.menumitra.utilityclass.customException: Error during setup: Cannot invoke "String.isEmpty()" because "this.accessToken" is null
	at com.menumitratCommonAPITestScript.StaffUpdateTestScript.setup(StaffUpdateTestScript.java:114)
... Removed 22 stack frames]]>
    </failure>
  </testcase> <!-- @BeforeClass setup -->
  <testcase classname="com.menumitratCommonAPITestScript.StaffUpdateTestScript" name="@AfterClass tearDown" time="0.0">
    <skipped/>
  </testcase> <!-- @AfterClass tearDown -->
  <testcase classname="com.menumitratCommonAPITestScript.sectionUpdateTestScript" name="@BeforeClass sectionUpdateSetup" time="0.0">
    <failure type="com.menumitra.utilityclass.customException" message="Error during setup: Cannot invoke &amp;quot;String.isEmpty()&amp;quot; because &amp;quot;this.accessToken&amp;quot; is null">
      <![CDATA[com.menumitra.utilityclass.customException: Error during setup: Cannot invoke "String.isEmpty()" because "this.accessToken" is null
	at com.menumitratCommonAPITestScript.sectionUpdateTestScript.sectionUpdateSetup(sectionUpdateTestScript.java:151)
... Removed 22 stack frames]]>
    </failure>
  </testcase> <!-- @BeforeClass sectionUpdateSetup -->
  <testcase classname="com.menumitratCommonAPITestScript.sectionListViewTestScript" name="@BeforeClass sectionListViewSetup" time="0.0">
    <failure type="com.menumitra.utilityclass.customException" message="Error during setup: Cannot invoke &amp;quot;String.isEmpty()&amp;quot; because &amp;quot;this.accessToken&amp;quot; is null">
      <![CDATA[com.menumitra.utilityclass.customException: Error during setup: Cannot invoke "String.isEmpty()" because "this.accessToken" is null
	at com.menumitratCommonAPITestScript.sectionListViewTestScript.sectionListViewSetup(sectionListViewTestScript.java:154)
... Removed 22 stack frames]]>
    </failure>
  </testcase> <!-- @BeforeClass sectionListViewSetup -->
  <testcase classname="com.menumitratCommonAPITestScript.sectionListViewTestScript" name="@AfterClass tearDown" time="0.0">
    <skipped/>
  </testcase> <!-- @AfterClass tearDown -->
  <testcase classname="com.menumitratCommonAPITestScript.SectionViewTestScript" name="@BeforeClass sectionViewSetup" time="0.0">
    <failure type="com.menumitra.utilityclass.customException" message="Error during setup: Cannot invoke &amp;quot;String.isEmpty()&amp;quot; because &amp;quot;this.accessToken&amp;quot; is null">
      <![CDATA[com.menumitra.utilityclass.customException: Error during setup: Cannot invoke "String.isEmpty()" because "this.accessToken" is null
	at com.menumitratCommonAPITestScript.SectionViewTestScript.sectionViewSetup(SectionViewTestScript.java:152)
... Removed 22 stack frames]]>
    </failure>
  </testcase> <!-- @BeforeClass sectionViewSetup -->
  <testcase classname="com.menumitratCommonAPITestScript.SectionDeleteTestScript" name="@BeforeClass sectionDeleteSetup" time="0.0">
    <failure type="com.menumitra.utilityclass.customException" message="Error during setup: Cannot invoke &amp;quot;String.isEmpty()&amp;quot; because &amp;quot;this.accessToken&amp;quot; is null">
      <![CDATA[com.menumitra.utilityclass.customException: Error during setup: Cannot invoke "String.isEmpty()" because "this.accessToken" is null
	at com.menumitratCommonAPITestScript.SectionDeleteTestScript.sectionDeleteSetup(SectionDeleteTestScript.java:133)
... Removed 22 stack frames]]>
    </failure>
  </testcase> <!-- @BeforeClass sectionDeleteSetup -->
  <testcase classname="com.menumitratCommonAPITestScript.SectionDeleteTestScript" name="@AfterClass tearDown" time="0.0">
    <skipped/>
  </testcase> <!-- @AfterClass tearDown -->
  <testcase classname="com.menumitratCommonAPITestScript.GetMenuList" name="@BeforeClass menuListSetUp" time="0.0">
    <failure type="com.menumitra.utilityclass.customException" message="Error in menu list setup: Cannot invoke &amp;quot;String.isEmpty()&amp;quot; because &amp;quot;this.accessToken&amp;quot; is null">
      <![CDATA[com.menumitra.utilityclass.customException: Error in menu list setup: Cannot invoke "String.isEmpty()" because "this.accessToken" is null
	at com.menumitratCommonAPITestScript.GetMenuList.menuListSetUp(GetMenuList.java:95)
... Removed 22 stack frames]]>
    </failure>
  </testcase> <!-- @BeforeClass menuListSetUp -->
  <testcase classname="com.menumitratCommonAPITestScript.WaiterCreateTestScript" name="@BeforeClass waiterCreateSetUp" time="0.0">
    <failure type="com.menumitra.utilityclass.customException" message="Error in waiter create setup: Cannot invoke &amp;quot;String.isEmpty()&amp;quot; because &amp;quot;this.accessToken&amp;quot; is null">
      <![CDATA[com.menumitra.utilityclass.customException: Error in waiter create setup: Cannot invoke "String.isEmpty()" because "this.accessToken" is null
	at com.menumitratCommonAPITestScript.WaiterCreateTestScript.waiterCreateSetUp(WaiterCreateTestScript.java:96)
... Removed 22 stack frames]]>
    </failure>
  </testcase> <!-- @BeforeClass waiterCreateSetUp -->
  <testcase classname="com.menumitratCommonAPITestScript.WaiterUpdateTestScript" name="@BeforeClass waiterUpdateSetUp" time="0.0">
    <failure type="com.menumitra.utilityclass.customException" message="Error in waiter update setup: Cannot invoke &amp;quot;String.isEmpty()&amp;quot; because &amp;quot;this.accessToken&amp;quot; is null">
      <![CDATA[com.menumitra.utilityclass.customException: Error in waiter update setup: Cannot invoke "String.isEmpty()" because "this.accessToken" is null
	at com.menumitratCommonAPITestScript.WaiterUpdateTestScript.waiterUpdateSetUp(WaiterUpdateTestScript.java:95)
... Removed 22 stack frames]]>
    </failure>
  </testcase> <!-- @BeforeClass waiterUpdateSetUp -->
  <testcase classname="com.menumitratCommonAPITestScript.WaiterListViewTestScript" name="@BeforeClass waiterListViewSetUp" time="0.0">
    <failure type="com.menumitra.utilityclass.customException" message="Error in waiter list view setup: Cannot invoke &amp;quot;String.isEmpty()&amp;quot; because &amp;quot;this.accessToken&amp;quot; is null">
      <![CDATA[com.menumitra.utilityclass.customException: Error in waiter list view setup: Cannot invoke "String.isEmpty()" because "this.accessToken" is null
	at com.menumitratCommonAPITestScript.WaiterListViewTestScript.waiterListViewSetUp(WaiterListViewTestScript.java:89)
... Removed 22 stack frames]]>
    </failure>
  </testcase> <!-- @BeforeClass waiterListViewSetUp -->
  <testcase classname="com.menumitratCommonAPITestScript.UbacFuctionalityCreateTestScript" name="@BeforeClass ubacCreateSetUp" time="0.0">
    <failure type="com.menumitra.utilityclass.customException" message="Error in UBAC create setup: Cannot invoke &amp;quot;String.isEmpty()&amp;quot; because &amp;quot;this.accessToken&amp;quot; is null">
      <![CDATA[com.menumitra.utilityclass.customException: Error in UBAC create setup: Cannot invoke "String.isEmpty()" because "this.accessToken" is null
	at com.menumitratCommonAPITestScript.UbacFuctionalityCreateTestScript.ubacCreateSetUp(UbacFuctionalityCreateTestScript.java:85)
... Removed 22 stack frames]]>
    </failure>
  </testcase> <!-- @BeforeClass ubacCreateSetUp -->
  <testcase classname="com.menumitratCommonAPITestScript.UbacFuctionalityViewTestScript" name="@BeforeClass ubacViewSetUp" time="0.0">
    <failure type="com.menumitra.utilityclass.customException" message="Error in UBAC list view setup: Cannot invoke &amp;quot;String.isEmpty()&amp;quot; because &amp;quot;this.accessToken&amp;quot; is null">
      <![CDATA[com.menumitra.utilityclass.customException: Error in UBAC list view setup: Cannot invoke "String.isEmpty()" because "this.accessToken" is null
	at com.menumitratCommonAPITestScript.UbacFuctionalityViewTestScript.ubacViewSetUp(UbacFuctionalityViewTestScript.java:85)
... Removed 22 stack frames]]>
    </failure>
  </testcase> <!-- @BeforeClass ubacViewSetUp -->
  <testcase classname="com.menumitratCommonAPITestScript.UdhariLedgerTestScript" name="@BeforeClass udhariLedgerSetUp" time="0.0">
    <failure type="com.menumitra.utilityclass.customException" message="Error in Udhari Ledger setup: Cannot invoke &amp;quot;String.isEmpty()&amp;quot; because &amp;quot;this.accessToken&amp;quot; is null">
      <![CDATA[com.menumitra.utilityclass.customException: Error in Udhari Ledger setup: Cannot invoke "String.isEmpty()" because "this.accessToken" is null
	at com.menumitratCommonAPITestScript.UdhariLedgerTestScript.udhariLedgerSetUp(UdhariLedgerTestScript.java:85)
... Removed 22 stack frames]]>
    </failure>
  </testcase> <!-- @BeforeClass udhariLedgerSetUp -->
  <testcase classname="com.menumitratCommonAPITestScript.UdhariLedgerListTestScript" name="@BeforeClass udhariLedgerListSetUp" time="0.0">
    <failure type="com.menumitra.utilityclass.customException" message="Error in Udhari Ledger List setup: Access token is null or empty after verification">
      <![CDATA[com.menumitra.utilityclass.customException: Error in Udhari Ledger List setup: Access token is null or empty after verification
	at com.menumitratCommonAPITestScript.UdhariLedgerListTestScript.udhariLedgerListSetUp(UdhariLedgerListTestScript.java:115)
... Removed 22 stack frames]]>
    </failure>
  </testcase> <!-- @BeforeClass udhariLedgerListSetUp -->
  <testcase classname="com.menumitratCommonAPITestScript.UdhariLedgerViewTestScript" name="@BeforeClass udhariLedgerViewSetUp" time="0.0">
    <failure type="com.menumitra.utilityclass.customException" message="Error in Udhari Ledger View setup: Cannot invoke &amp;quot;String.isEmpty()&amp;quot; because &amp;quot;this.accessToken&amp;quot; is null">
      <![CDATA[com.menumitra.utilityclass.customException: Error in Udhari Ledger View setup: Cannot invoke "String.isEmpty()" because "this.accessToken" is null
	at com.menumitratCommonAPITestScript.UdhariLedgerViewTestScript.udhariLedgerViewSetUp(UdhariLedgerViewTestScript.java:84)
... Removed 22 stack frames]]>
    </failure>
  </testcase> <!-- @BeforeClass udhariLedgerViewSetUp -->
  <testcase classname="com.menumitratCommonAPITestScript.InventoryCreateTestScript" name="@BeforeClass setup" time="0.0">
    <failure type="com.menumitra.utilityclass.customException" message="Error during setup: Cannot invoke &amp;quot;String.isEmpty()&amp;quot; because &amp;quot;this.accessToken&amp;quot; is null">
      <![CDATA[com.menumitra.utilityclass.customException: Error during setup: Cannot invoke "String.isEmpty()" because "this.accessToken" is null
	at com.menumitratCommonAPITestScript.InventoryCreateTestScript.setup(InventoryCreateTestScript.java:157)
... Removed 22 stack frames]]>
    </failure>
  </testcase> <!-- @BeforeClass setup -->
  <testcase classname="com.menumitratCommonAPITestScript.InventoryViewTestScript" name="@BeforeClass inventoryViewSetUp" time="0.0">
    <failure type="com.menumitra.utilityclass.customException" message="Error in inventory view setUp: Cannot invoke &amp;quot;String.isEmpty()&amp;quot; because &amp;quot;this.accessToken&amp;quot; is null">
      <![CDATA[com.menumitra.utilityclass.customException: Error in inventory view setUp: Cannot invoke "String.isEmpty()" because "this.accessToken" is null
	at com.menumitratCommonAPITestScript.InventoryViewTestScript.inventoryViewSetUp(InventoryViewTestScript.java:173)
... Removed 22 stack frames]]>
    </failure>
  </testcase> <!-- @BeforeClass inventoryViewSetUp -->
  <testcase classname="com.menumitratCommonAPITestScript.InventoryListViewTestScript" name="@BeforeClass inventoryListSetUp" time="0.0">
    <failure type="com.menumitra.utilityclass.customException" message="Error in inventory list setup: Cannot invoke &amp;quot;String.isEmpty()&amp;quot; because &amp;quot;this.accessToken&amp;quot; is null">
      <![CDATA[com.menumitra.utilityclass.customException: Error in inventory list setup: Cannot invoke "String.isEmpty()" because "this.accessToken" is null
	at com.menumitratCommonAPITestScript.InventoryListViewTestScript.inventoryListSetUp(InventoryListViewTestScript.java:95)
... Removed 22 stack frames]]>
    </failure>
  </testcase> <!-- @BeforeClass inventoryListSetUp -->
  <testcase classname="com.menumitratCommonAPITestScript.TableCreateTestScript" name="verifyTableCreate" time="0.201"/>
  <testcase classname="com.menumitratCommonAPITestScript.TableListViewTestScript" name="verifyTableListView" time="3.151"/>
  <testcase classname="com.menumitratCommonAPITestScript.ActivityLogTestScript" name="activityLogTest" time="0.105"/>
  <testcase classname="com.menumitratCommonAPITestScript.ChefListViewTestScript" name="chefListViewTest" time="0.126"/>
  <testcase classname="com.menumitratCommonAPITestScript.ChefViewTestScript" name="chefViewTest" time="0.106">
    <failure type="com.menumitra.utilityclass.customException" message="Error in chef view test: Status code mismatch - Expected: 200, Actual: 404">
      <![CDATA[com.menumitra.utilityclass.customException: Error in chef view test: Status code mismatch - Expected: 200, Actual: 404
	at com.menumitratCommonAPITestScript.ChefViewTestScript.chefViewTest(ChefViewTestScript.java:222)
... Removed 22 stack frames]]>
    </failure>
  </testcase> <!-- chefViewTest -->
  <testcase classname="com.menumitratCommonAPITestScript.ChefUpdateTestScript" name="updateChef" time="0.25"/>
  <testcase classname="com.menumitratCommonAPITestScript.ChefDeleteTestScript" name="deleteChef" time="0.236">
    <failure type="com.menumitra.utilityclass.customException" message="Test execution failed: Status code validation failed - Expected: 200, Actual: 404">
      <![CDATA[com.menumitra.utilityclass.customException: Test execution failed: Status code validation failed - Expected: 200, Actual: 404
	at com.menumitratCommonAPITestScript.ChefDeleteTestScript.deleteChef(ChefDeleteTestScript.java:236)
... Removed 22 stack frames]]>
    </failure>
  </testcase> <!-- deleteChef -->
  <testcase classname="com.menumitratCommonAPITestScript.CaptainCreateTestScript" name="captainCreateTest" time="0.11">
    <failure type="com.menumitra.utilityclass.customException" message="Error in captain create test: Status code mismatch - Expected: 200, Actual: 400">
      <![CDATA[com.menumitra.utilityclass.customException: Error in captain create test: Status code mismatch - Expected: 200, Actual: 400
	at com.menumitratCommonAPITestScript.CaptainCreateTestScript.captainCreateTest(CaptainCreateTestScript.java:238)
... Removed 22 stack frames]]>
    </failure>
  </testcase> <!-- captainCreateTest -->
  <testcase classname="com.menumitratCommonAPITestScript.CaptainUpdateTestScript" name="captainUpdateTest" time="0.124"/>
  <testcase classname="com.menumitratCommonAPITestScript.CaptainListViewTestScript" name="captainListViewTest" time="0.136"/>
  <testcase classname="com.menumitratCommonAPITestScript.CaptainViewTestScript" name="captainViewTest" time="0.168"/>
  <testcase classname="com.menumitratCommonAPITestScript.CaptainDeleteTestScript" name="deleteCaptain" time="0.087">
    <failure type="com.menumitra.utilityclass.customException" message="Test execution failed: Status code validation failed - Expected: 200, Actual: 404">
      <![CDATA[com.menumitra.utilityclass.customException: Test execution failed: Status code validation failed - Expected: 200, Actual: 404
	at com.menumitratCommonAPITestScript.CaptainDeleteTestScript.deleteCaptain(CaptainDeleteTestScript.java:235)
... Removed 22 stack frames]]>
    </failure>
  </testcase> <!-- deleteCaptain -->
  <testcase classname="com.menumitratCommonAPITestScript.StaffCreateTestScript" name="createStaff" time="0.258">
    <failure type="com.menumitra.utilityclass.customException" message="Error during staff creation test execution: JSONObject[&amp;quot;app_source&amp;quot;] not found.">
      <![CDATA[com.menumitra.utilityclass.customException: Error during staff creation test execution: JSONObject["app_source"] not found.
	at com.menumitratCommonAPITestScript.StaffCreateTestScript.createStaff(StaffCreateTestScript.java:259)
... Removed 22 stack frames]]>
    </failure>
  </testcase> <!-- createStaff -->
  <testcase classname="com.menumitratCommonAPITestScript.StaffUpdateTestScript" name="updateStaff" time="0.002">
    <skipped/>
  </testcase> <!-- updateStaff -->
  <testcase classname="com.menumitratCommonAPITestScript.StaffListViewTestScript" name="staffListViewTest" time="0.056">
    <failure type="com.menumitra.utilityclass.customException" message="Error in staff list view test: Status code mismatch - Expected: 200, Actual: 403">
      <![CDATA[com.menumitra.utilityclass.customException: Error in staff list view test: Status code mismatch - Expected: 200, Actual: 403
	at com.menumitratCommonAPITestScript.StaffListViewTestScript.staffListViewTest(StaffListViewTestScript.java:224)
... Removed 22 stack frames]]>
    </failure>
  </testcase> <!-- staffListViewTest -->
  <testcase classname="com.menumitratCommonAPITestScript.StaffViewTestScript" name="verifyStaffView" time="0.199">
    <failure type="com.menumitra.utilityclass.customException" message="Error in staff view test: Status code mismatch - Expected: 200, Actual: 404">
      <![CDATA[com.menumitra.utilityclass.customException: Error in staff view test: Status code mismatch - Expected: 200, Actual: 404
	at com.menumitratCommonAPITestScript.StaffViewTestScript.verifyStaffView(StaffViewTestScript.java:254)
... Removed 22 stack frames]]>
    </failure>
  </testcase> <!-- verifyStaffView -->
  <testcase classname="com.menumitratCommonAPITestScript.StaffDeleteTestScript" name="testStaffDelete" time="0.063">
    <failure type="com.menumitra.utilityclass.customException" message="Error during staff deletion test execution: Status code mismatch - Expected: 200, Actual: 404">
      <![CDATA[com.menumitra.utilityclass.customException: Error during staff deletion test execution: Status code mismatch - Expected: 200, Actual: 404
	at com.menumitratCommonAPITestScript.StaffDeleteTestScript.testStaffDelete(StaffDeleteTestScript.java:215)
... Removed 22 stack frames]]>
    </failure>
  </testcase> <!-- testStaffDelete -->
  <testcase classname="com.menumitratCommonAPITestScript.sectionCreateTestScript" name="verifySectionUsingValidInputData" time="0.125"/>
  <testcase classname="com.menumitratCommonAPITestScript.sectionUpdateTestScript" name="verifySectionUpdateUsingValidInputData" time="0.001">
    <skipped/>
  </testcase> <!-- verifySectionUpdateUsingValidInputData -->
  <testcase classname="com.menumitratCommonAPITestScript.sectionListViewTestScript" name="verifySectionListViewUsingValidInputData" time="0.001">
    <skipped/>
  </testcase> <!-- verifySectionListViewUsingValidInputData -->
  <testcase classname="com.menumitratCommonAPITestScript.SectionViewTestScript" name="verifySectionViewUsingValidInputData" time="0.001">
    <skipped/>
  </testcase> <!-- verifySectionViewUsingValidInputData -->
  <testcase classname="com.menumitratCommonAPITestScript.SectionDeleteTestScript" name="verifySectionDeleteUsingValidInputData" time="0.001">
    <skipped/>
  </testcase> <!-- verifySectionDeleteUsingValidInputData -->
  <testcase classname="com.menumitratCommonAPITestScript.GetMenuList" name="verifyMenuList" time="0.0">
    <skipped/>
  </testcase> <!-- verifyMenuList -->
  <testcase classname="com.menumitratCommonAPITestScript.WaiterCreateTestScript" name="verifyWaiterCreate" time="0.0">
    <skipped/>
  </testcase> <!-- verifyWaiterCreate -->
  <testcase classname="com.menumitratCommonAPITestScript.WaiterUpdateTestScript" name="verifyWaiterUpdate" time="0.001">
    <skipped/>
  </testcase> <!-- verifyWaiterUpdate -->
  <testcase classname="com.menumitratCommonAPITestScript.WaiterListViewTestScript" name="waiterListViewTest" time="0.001">
    <skipped/>
  </testcase> <!-- waiterListViewTest -->
  <testcase classname="com.menumitratCommonAPITestScript.UbacFuctionalityCreateTestScript" name="ubacCreateTest" time="0.0">
    <skipped/>
  </testcase> <!-- ubacCreateTest -->
  <testcase classname="com.menumitratCommonAPITestScript.UbacFuctionalityViewTestScript" name="ubacViewTest" time="0.001">
    <skipped/>
  </testcase> <!-- ubacViewTest -->
  <testcase classname="com.menumitratCommonAPITestScript.UdhariLedgerTestScript" name="udhariLedgerTest" time="0.004">
    <skipped/>
  </testcase> <!-- udhariLedgerTest -->
  <testcase classname="com.menumitratCommonAPITestScript.UdhariLedgerUpdateTestScript" name="udhariLedgerUpdateTest" time="0.095">
    <failure type="com.menumitra.utilityclass.customException" message="Error in Udhari Ledger Update test: Status code mismatch - Expected: 200, Actual: 401, Response Body: {&amp;quot;detail&amp;quot;:&amp;quot;Error with token: Not enough segments&amp;quot;}">
      <![CDATA[com.menumitra.utilityclass.customException: Error in Udhari Ledger Update test: Status code mismatch - Expected: 200, Actual: 401, Response Body: {"detail":"Error with token: Not enough segments"}
	at com.menumitratCommonAPITestScript.UdhariLedgerUpdateTestScript.udhariLedgerUpdateTest(UdhariLedgerUpdateTestScript.java:247)
... Removed 22 stack frames]]>
    </failure>
  </testcase> <!-- udhariLedgerUpdateTest -->
  <testcase classname="com.menumitratCommonAPITestScript.UdhariLedgerListTestScript" name="udhariLedgerListTest" time="0.001">
    <skipped/>
  </testcase> <!-- udhariLedgerListTest -->
  <testcase classname="com.menumitratCommonAPITestScript.UdhariLedgerViewTestScript" name="udhariLedgerViewTest" time="0.001">
    <skipped/>
  </testcase> <!-- udhariLedgerViewTest -->
  <testcase classname="com.menumitratCommonAPITestScript.InventoryCreateTestScript" name="createInventory" time="0.001">
    <skipped/>
  </testcase> <!-- createInventory -->
  <testcase classname="com.menumitratCommonAPITestScript.InventoryViewTestScript" name="verifyInventoryView" time="0.001">
    <skipped/>
  </testcase> <!-- verifyInventoryView -->
  <testcase classname="com.menumitratCommonAPITestScript.InventoryListViewTestScript" name="verifyInventoryList" time="0.001">
    <skipped/>
  </testcase> <!-- verifyInventoryList -->
</testsuite> <!-- Test -->
