<?xml version="1.0" encoding="UTF-8"?>
<testng-results total="2" passed="2" failed="0" skipped="0">
  <reporter-output>
  </reporter-output>
  <suite started-at="2025-06-20T11:39:56Z" name="Suite" finished-at="2025-06-20T11:40:02Z" duration-ms="6416">
    <groups>
    </groups>
    <test started-at="2025-06-20T11:39:56Z" name="Test" finished-at="2025-06-20T11:40:02Z" duration-ms="6416">
      <class name="com.menumitratCommonAPITestScript.UnSplitTableTestScript">
        <test-method is-config="true" signature="setup()[pri:0, instance:com.menumitratCommonAPITestScript.UnSplitTableTestScript@23348b5d]" started-at="2025-06-20T17:10:01Z" name="setup" finished-at="2025-06-20T17:10:02Z" duration-ms="462" status="PASS">
          <reporter-output>
          </reporter-output>
        </test-method> <!-- setup -->
        <test-method signature="unsplitTable(java.lang.String, java.lang.String, java.lang.String, java.lang.String, java.lang.String, java.lang.String, java.lang.String, java.lang.String)[pri:0, instance:com.menumitratCommonAPITestScript.UnSplitTableTestScript@23348b5d]" started-at="2025-06-20T17:10:02Z" name="unsplitTable" data-provider="getUnsplitTableData" finished-at="2025-06-20T17:10:02Z" duration-ms="264" status="PASS">
          <params>
            <param index="0">
              <value>
                <![CDATA[unsplittable]]>
              </value>
            </param>
            <param index="1">
              <value>
                <![CDATA[unsplittable_001]]>
              </value>
            </param>
            <param index="2">
              <value>
                <![CDATA[positive]]>
              </value>
            </param>
            <param index="3">
              <value>
                <![CDATA[Verify]]>
              </value>
            </param>
            <param index="4">
              <value>
                <![CDATA[delete]]>
              </value>
            </param>
            <param index="5">
              <value>
                <![CDATA[{
  "primary_table_id":890,
  "user_id":2,
  "app_source":"owner_app"
}]]>
              </value>
            </param>
            <param index="6">
              <value>
                <![CDATA[{
    "detail": "Table unsplit successfully."
}]]>
              </value>
            </param>
            <param index="7">
              <value>
                <![CDATA[200]]>
              </value>
            </param>
          </params>
          <reporter-output>
          </reporter-output>
        </test-method> <!-- unsplitTable -->
      </class> <!-- com.menumitratCommonAPITestScript.UnSplitTableTestScript -->
      <class name="com.menumitra.superclass.APIBase">
        <test-method is-config="true" signature="setUp()[pri:0, instance:com.menumitra.superclass.APIBase@38afe297]" started-at="2025-06-20T17:09:56Z" name="setUp" finished-at="2025-06-20T17:09:56Z" duration-ms="60" status="PASS">
          <reporter-output>
          </reporter-output>
        </test-method> <!-- setUp -->
        <test-method is-config="true" signature="tearDown()[pri:0, instance:com.menumitra.superclass.APIBase@38afe297]" started-at="2025-06-20T17:10:03Z" name="tearDown" finished-at="2025-06-20T17:10:03Z" duration-ms="1" status="PASS">
          <reporter-output>
          </reporter-output>
        </test-method> <!-- tearDown -->
      </class> <!-- com.menumitra.superclass.APIBase -->
      <class name="com.menumitratCommonAPITestScript.SplitTableTestScript">
        <test-method is-config="true" signature="setup()[pri:0, instance:com.menumitratCommonAPITestScript.SplitTableTestScript@2df3b89c]" started-at="2025-06-20T17:09:56Z" name="setup" finished-at="2025-06-20T17:10:01Z" duration-ms="4868" status="PASS">
          <reporter-output>
          </reporter-output>
        </test-method> <!-- setup -->
        <test-method signature="splitTable(java.lang.String, java.lang.String, java.lang.String, java.lang.String, java.lang.String, java.lang.String, java.lang.String, java.lang.String)[pri:0, instance:com.menumitratCommonAPITestScript.SplitTableTestScript@2df3b89c]" started-at="2025-06-20T17:10:01Z" name="splitTable" data-provider="getSplitTableData" finished-at="2025-06-20T17:10:01Z" duration-ms="192" status="PASS">
          <params>
            <param index="0">
              <value>
                <![CDATA[splittable]]>
              </value>
            </param>
            <param index="1">
              <value>
                <![CDATA[splittable_001]]>
              </value>
            </param>
            <param index="2">
              <value>
                <![CDATA[positive]]>
              </value>
            </param>
            <param index="3">
              <value>
                <![CDATA[Verify]]>
              </value>
            </param>
            <param index="4">
              <value>
                <![CDATA[post]]>
              </value>
            </param>
            <param index="5">
              <value>
                <![CDATA[{
    "outlet_id": "1",
    "section_id": "481", 
    "primary_table_id": 890,
    "split_count": 2,
    "user_id": 2,
    "app_source":"owner_app"
}]]>
              </value>
            </param>
            <param index="6">
              <value>
                <![CDATA[{
  "detail": "Table split successfully",
  "primary_table_id": 890,
  "primary_table_number": 785,
  "new_splits_count": 2,
  "total_splits_count": 2,
  "all_sub_tables": [
    {
      "sub_table_name": "785A",
      "capacity": 2
    },
    {
      "sub_table_name": "785B",
      "capacity": 2
    }
  ],
  "total_capacity": 4
}]]>
              </value>
            </param>
            <param index="7">
              <value>
                <![CDATA[200]]>
              </value>
            </param>
          </params>
          <reporter-output>
          </reporter-output>
        </test-method> <!-- splitTable -->
      </class> <!-- com.menumitratCommonAPITestScript.SplitTableTestScript -->
    </test> <!-- Test -->
  </suite> <!-- Suite -->
</testng-results>
