<?xml version="1.0" encoding="UTF-8"?>
<testng-results total="1" passed="1" failed="0" skipped="0">
  <reporter-output>
  </reporter-output>
  <suite started-at="2025-06-23T07:53:35Z" name="Suite" finished-at="2025-06-23T07:53:39Z" duration-ms="4663">
    <groups>
    </groups>
    <test started-at="2025-06-23T07:53:35Z" name="Test" finished-at="2025-06-23T07:53:39Z" duration-ms="4663">
      <class name="com.menumitra.superclass.APIBase">
        <test-method is-config="true" signature="setUp()[pri:0, instance:com.menumitra.superclass.APIBase@7bedc48a]" started-at="2025-06-23T13:23:35Z" name="setUp" finished-at="2025-06-23T13:23:35Z" duration-ms="61" status="PASS">
          <reporter-output>
          </reporter-output>
        </test-method> <!-- setUp -->
        <test-method is-config="true" signature="tearDown()[pri:0, instance:com.menumitra.superclass.APIBase@7bedc48a]" started-at="2025-06-23T13:23:40Z" name="tearDown" finished-at="2025-06-23T13:23:40Z" duration-ms="1" status="PASS">
          <reporter-output>
          </reporter-output>
        </test-method> <!-- tearDown -->
      </class> <!-- com.menumitra.superclass.APIBase -->
      <class name="com.menumitratCommonAPITestScript.OrderPaymentSettleTestScript">
        <test-method is-config="true" signature="setup()[pri:0, instance:com.menumitratCommonAPITestScript.OrderPaymentSettleTestScript@131ef10]" started-at="2025-06-23T13:23:35Z" name="setup" finished-at="2025-06-23T13:23:39Z" duration-ms="4045" status="PASS">
          <reporter-output>
          </reporter-output>
        </test-method> <!-- setup -->
        <test-method signature="orderPaymentSettle(java.lang.String, java.lang.String, java.lang.String, java.lang.String, java.lang.String, java.lang.String, java.lang.String, java.lang.String)[pri:0, instance:com.menumitratCommonAPITestScript.OrderPaymentSettleTestScript@131ef10]" started-at="2025-06-23T13:23:39Z" name="orderPaymentSettle" data-provider="getOrderPaymentSettleData" finished-at="2025-06-23T13:23:39Z" duration-ms="128" status="PASS">
          <params>
            <param index="0">
              <value>
                <![CDATA[orderpaymentsettle]]>
              </value>
            </param>
            <param index="1">
              <value>
                <![CDATA[orderpaymentsettle_001]]>
              </value>
            </param>
            <param index="2">
              <value>
                <![CDATA[positive]]>
              </value>
            </param>
            <param index="3">
              <value>
                <![CDATA[Verify]]>
              </value>
            </param>
            <param index="4">
              <value>
                <![CDATA[patch]]>
              </value>
            </param>
            <param index="5">
              <value>
                <![CDATA[{
  "outlet_id": "1",
  "order_id": "47", 
  "payment_settle_type": "paid",
  "user_id": "2"
}]]>
              </value>
            </param>
            <param index="6">
              <value>
                <![CDATA[{
  "detail": "Order payment settle type and status updated successfully"
}]]>
              </value>
            </param>
            <param index="7">
              <value>
                <![CDATA[200]]>
              </value>
            </param>
          </params>
          <reporter-output>
          </reporter-output>
        </test-method> <!-- orderPaymentSettle -->
      </class> <!-- com.menumitratCommonAPITestScript.OrderPaymentSettleTestScript -->
    </test> <!-- Test -->
  </suite> <!-- Suite -->
</testng-results>
